[debug] [2022-11-29T08:08:41.897Z] ----------------------------------------------------------------------
[debug] [2022-11-29T08:08:41.902Z] Command:       C:\Program Files\nodejs\node.exe C:\Users\shubh\AppData\Roaming\npm\node_modules\firebase-tools\lib\bin\firebase.js init
[debug] [2022-11-29T08:08:41.903Z] CLI Version:   11.16.1
[debug] [2022-11-29T08:08:41.904Z] Platform:      win32
[debug] [2022-11-29T08:08:41.904Z] Node Version:  v16.16.0
[debug] [2022-11-29T08:08:41.906Z] Time:          Tue Nov 29 2022 13:38:41 GMT+0530 (India Standard Time)
[debug] [2022-11-29T08:08:41.907Z] ----------------------------------------------------------------------
[debug] 
[debug] [2022-11-29T08:08:42.097Z] > command requires scopes: ["email","openid","https://www.googleapis.com/auth/cloudplatformprojects.readonly","https://www.googleapis.com/auth/firebase","https://www.googleapis.com/auth/cloud-platform"]
[debug] [2022-11-29T08:08:42.099Z] > authorizing via signed-in user (nehamahajan255@gmail.com)
[info] 
     ######## #### ########  ######## ########     ###     ######  ########
     ##        ##  ##     ## ##       ##     ##  ##   ##  ##       ##
     ######    ##  ########  ######   ########  #########  ######  ######
     ##        ##  ##    ##  ##       ##     ## ##     ##       ## ##
     ##       #### ##     ## ######## ########  ##     ##  ######  ########

You're about to initialize a Firebase project in this directory:

  D:\ToDoList

Before we get started, keep in mind:

  * You are initializing within an existing Firebase project directory

[info] 
=== Project Setup
[info] 
[info] First, let's associate this project directory with a Firebase project.
[info] You can create multiple project aliases by running firebase use --add, 
[info] but for now we'll just set up a default project.
[info] 
[debug] [2022-11-29T08:09:22.640Z] Using project from CLI flag: to-do-list-app-aa231
[debug] [2022-11-29T08:09:22.651Z] >>> [apiv2][query] GET https://firebase.googleapis.com/v1beta1/projects/to-do-list-app-aa231 [none]
[debug] [2022-11-29T08:09:23.294Z] <<< [apiv2][status] GET https://firebase.googleapis.com/v1beta1/projects/to-do-list-app-aa231 200
[debug] [2022-11-29T08:09:23.294Z] <<< [apiv2][body] GET https://firebase.googleapis.com/v1beta1/projects/to-do-list-app-aa231 {"projectId":"to-do-list-app-aa231","projectNumber":"1079098346222","displayName":"To Do List App","name":"projects/to-do-list-app-aa231","resources":{"hostingSite":"to-do-list-app-aa231"},"state":"ACTIVE","etag":"1_512c9c89-0f5d-44f5-ac98-811947c9d4b2"}
[info] i  Using project to-do-list-app-aa231 (To Do List App) 
[info] 
=== Hosting Setup
[info] 
[info] Your public directory is the folder (relative to your project directory) that
[info] will contain Hosting assets to be uploaded with firebase deploy. If you
[info] have a build process for your assets, use your build's output directory.
[info] 
